<?xml version="1.0" encoding="UTF-8"?>
<!-- Generated by org.testng.reporters.JUnitReportReporter -->
<testsuite hostname="DELL-PC" name="mavenExample.NewTest" tests="1" failures="0" timestamp="13 Mar 2020 06:19:47 GMT" time="10.953" errors="0">
  <testcase name="fTest" time="10.953" classname="mavenExample.NewTest"/>
</testsuite> <!-- mavenExample.NewTest -->
